#
# There is insufficient memory for the Java Runtime Environment to continue.
# Native memory allocation (mmap) failed to map 268435456 bytes for G1 virtual space
# Possible reasons:
#   The system is out of physical RAM or swap space
#   The process is running with CompressedOops enabled, and the Java Heap may be blocking the growth of the native heap
# Possible solutions:
#   Reduce memory load on the system
#   Increase physical memory or swap space
#   Check if swap backing store is full
#   Decrease Java heap size (-Xmx/-Xms)
#   Decrease number of Java threads
#   Decrease Java thread stack sizes (-Xss)
#   Set larger code cache with -XX:ReservedCodeCacheSize=
#   JVM is running with Zero Based Compressed Oops mode in which the Java heap is
#     placed in the first 32GB address space. The Java Heap base address is the
#     maximum limit for the native heap growth. Please use -XX:HeapBaseMinAddress
#     to set the Java Heap base and to place the Java Heap above 32GB virtual address.
# This output file may be truncated or incomplete.
#
#  Out of Memory Error (os_windows.cpp:3469), pid=8920, tid=10092
#
# JRE version:  (17.0.1+12) (build )
# Java VM: OpenJDK 64-Bit Server VM (17.0.1+12, mixed mode, sharing, tiered, compressed oops, compressed class ptrs, g1 gc, windows-amd64)
# No core dump will be written. Minidumps are not enabled by default on client versions of Windows
#

---------------  S U M M A R Y ------------

Command Line: C:\Users\hemantb\AppData\Local\Temp\surefire10041668518695772815\surefirebooter9262580536013247651.jar C:\Users\hemantb\AppData\Local\Temp\surefire10041668518695772815 2022-01-19T14-12-23_230-jvmRun1 surefire1914568210400037072tmp surefire_014573103261814610011tmp

Host: Intel(R) Core(TM) i7-4702HQ CPU @ 2.20GHz, 8 cores, 15G,  Windows 10 , 64 bit Build 19041 (10.0.19041.1466)
Time: Wed Jan 19 14:12:23 2022 India Standard Time elapsed time: 0.015662 seconds (0d 0h 0m 0s)

---------------  T H R E A D  ---------------

Current thread (0x000002393ad5c6f0):  JavaThread "Unknown thread" [_thread_in_vm, id=10092, stack(0x0000003cce800000,0x0000003cce900000)]

Stack: [0x0000003cce800000,0x0000003cce900000]
Native frames: (J=compiled Java code, j=interpreted, Vv=VM code, C=native code)
V  [jvm.dll+0x6744da]
V  [jvm.dll+0x82e144]
V  [jvm.dll+0x82f8ee]
V  [jvm.dll+0x82ff53]
V  [jvm.dll+0x245175]
V  [jvm.dll+0x6714c9]
V  [jvm.dll+0x665f92]
V  [jvm.dll+0x303c3b]
V  [jvm.dll+0x30b176]
V  [jvm.dll+0x35af1e]
V  [jvm.dll+0x35b14f]
V  [jvm.dll+0x2dab78]
V  [jvm.dll+0x2dbae4]
V  [jvm.dll+0x7ffdf1]
V  [jvm.dll+0x368c91]
V  [jvm.dll+0x7df2cc]
V  [jvm.dll+0x3eb59f]
V  [jvm.dll+0x3ed121]
C  [jli.dll+0x5277]
C  [ucrtbase.dll+0x21bb2]
C  [KERNEL32.DLL+0x17034]
C  [ntdll.dll+0x52651]


---------------  P R O C E S S  ---------------

Threads class SMR info:
_java_thread_list=0x00007ffc5a754e58, length=0, elements={
}

Java Threads: ( => current thread )

Other Threads:
  0x000002393adaee70 GCTaskThread "GC Thread#0" [stack: 0x0000003cce900000,0x0000003ccea00000] [id=1348]
  0x000002393adbfc30 ConcurrentGCThread "G1 Main Marker" [stack: 0x0000003ccea00000,0x0000003cceb00000] [id=11524]
  0x000002393adc0640 ConcurrentGCThread "G1 Conc#0" [stack: 0x0000003cceb00000,0x0000003ccec00000] [id=3120]

[error occurred during error reporting (printing all threads), id 0xc0000005, EXCEPTION_ACCESS_VIOLATION (0xc0000005) at pc=0x00007ffc59f2b5f7]

VM state: not at safepoint (not fully initialized)

VM Mutex/Monitor currently owned by a thread:  ([mutex/lock_event])
[0x000002393ad58460] Heap_lock - owner thread: 0x000002393ad5c6f0

Heap address: 0x0000000701800000, size: 4072 MB, Compressed Oops mode: Zero based, Oop shift amount: 3

CDS archive(s) mapped at: [0x0000000000000000-0x0000000000000000-0x0000000000000000), size 0, SharedBaseAddress: 0x0000000800000000, ArchiveRelocationMode: 0.
Narrow klass base: 0x0000000000000000, Narrow klass shift: 0, Narrow klass range: 0x0

GC Precious Log:
<Empty>

Heap:
 garbage-first heap   total 0K, used 0K [0x0000000701800000, 0x0000000800000000)
  region size 2048K, 0 young (0K), 0 survivors (0K)

[error occurred during error reporting (printing heap information), id 0xc0000005, EXCEPTION_ACCESS_VIOLATION (0xc0000005) at pc=0x00007ffc5a30d729]

GC Heap History (0 events):
No events

Deoptimization events (0 events):
No events

Classes unloaded (0 events):
No events

Classes redefined (0 events):
No events

Internal exceptions (0 events):
No events

VM Operations (0 events):
No events

Events (1 events):
Event: 0.009 Loaded shared library C:\Users\hemantb\sts-4.13.0.RELEASE\plugins\org.eclipse.justj.openjdk.hotspot.jre.full.win32.x86_64_17.0.1.v20211116-1657\jre\bin\java.dll


Dynamic libraries:
0x00007ff6f2fa0000 - 0x00007ff6f2fae000 	C:\Users\hemantb\sts-4.13.0.RELEASE\plugins\org.eclipse.justj.openjdk.hotspot.jre.full.win32.x86_64_17.0.1.v20211116-1657\jre\bin\java.exe
0x00007ffcbaeb0000 - 0x00007ffcbb0a5000 	C:\Windows\SYSTEM32\ntdll.dll
0x00007ffcb8f60000 - 0x00007ffcb901e000 	C:\Windows\System32\KERNEL32.DLL
0x00007ffcb85c0000 - 0x00007ffcb8888000 	C:\Windows\System32\KERNELBASE.dll
0x00007ffcb8da0000 - 0x00007ffcb8ea0000 	C:\Windows\System32\ucrtbase.dll
0x00007ffca4550000 - 0x00007ffca4568000 	C:\Users\hemantb\sts-4.13.0.RELEASE\plugins\org.eclipse.justj.openjdk.hotspot.jre.full.win32.x86_64_17.0.1.v20211116-1657\jre\bin\jli.dll
0x00007ffca2600000 - 0x00007ffca2619000 	C:\Users\hemantb\sts-4.13.0.RELEASE\plugins\org.eclipse.justj.openjdk.hotspot.jre.full.win32.x86_64_17.0.1.v20211116-1657\jre\bin\VCRUNTIME140.dll
0x00007ffcbabe0000 - 0x00007ffcbad81000 	C:\Windows\System32\USER32.dll
0x00007ffcb89a0000 - 0x00007ffcb89c2000 	C:\Windows\System32\win32u.dll
0x00007ffcba490000 - 0x00007ffcba4bb000 	C:\Windows\System32\GDI32.dll
0x00007ffca5da0000 - 0x00007ffca603a000 	C:\Windows\WinSxS\amd64_microsoft.windows.common-controls_6595b64144ccf1df_6.0.19041.1110_none_60b5254171f9507e\COMCTL32.dll
0x00007ffcb8890000 - 0x00007ffcb899d000 	C:\Windows\System32\gdi32full.dll
0x00007ffcb8a80000 - 0x00007ffcb8b1d000 	C:\Windows\System32\msvcp_win.dll
0x00007ffcb9020000 - 0x00007ffcb90be000 	C:\Windows\System32\msvcrt.dll
0x00007ffcba2e0000 - 0x00007ffcba310000 	C:\Windows\System32\IMM32.DLL
0x00007ffcb0580000 - 0x00007ffcb058c000 	C:\Users\hemantb\sts-4.13.0.RELEASE\plugins\org.eclipse.justj.openjdk.hotspot.jre.full.win32.x86_64_17.0.1.v20211116-1657\jre\bin\vcruntime140_1.dll
0x00007ffc6d820000 - 0x00007ffc6d8b1000 	C:\Users\hemantb\sts-4.13.0.RELEASE\plugins\org.eclipse.justj.openjdk.hotspot.jre.full.win32.x86_64_17.0.1.v20211116-1657\jre\bin\msvcp140.dll
0x00007ffc59c40000 - 0x00007ffc5a886000 	C:\Users\hemantb\sts-4.13.0.RELEASE\plugins\org.eclipse.justj.openjdk.hotspot.jre.full.win32.x86_64_17.0.1.v20211116-1657\jre\bin\server\jvm.dll
0x00007ffcb9970000 - 0x00007ffcb9a1e000 	C:\Windows\System32\ADVAPI32.dll
0x00007ffcba230000 - 0x00007ffcba2cc000 	C:\Windows\System32\sechost.dll
0x00007ffcb97e0000 - 0x00007ffcb9905000 	C:\Windows\System32\RPCRT4.dll
0x00007ffcb8f50000 - 0x00007ffcb8f58000 	C:\Windows\System32\PSAPI.DLL
0x00007ffca8170000 - 0x00007ffca8197000 	C:\Windows\SYSTEM32\WINMM.dll
0x00007ffcaff10000 - 0x00007ffcaff1a000 	C:\Windows\SYSTEM32\VERSION.dll
0x00007ffca57c0000 - 0x00007ffca57c9000 	C:\Windows\SYSTEM32\WSOCK32.dll
0x00007ffcba370000 - 0x00007ffcba3db000 	C:\Windows\System32\WS2_32.dll
0x00007ffcb6cf0000 - 0x00007ffcb6d02000 	C:\Windows\SYSTEM32\kernel.appcore.dll
0x00007ffcb1850000 - 0x00007ffcb185a000 	C:\Users\hemantb\sts-4.13.0.RELEASE\plugins\org.eclipse.justj.openjdk.hotspot.jre.full.win32.x86_64_17.0.1.v20211116-1657\jre\bin\jimage.dll
0x00007ffcb5a70000 - 0x00007ffcb5c54000 	C:\Windows\SYSTEM32\DBGHELP.DLL
0x00007ffca24a0000 - 0x00007ffca24cc000 	C:\Windows\SYSTEM32\dbgcore.DLL
0x00007ffcb8b20000 - 0x00007ffcb8ba2000 	C:\Windows\System32\bcryptPrimitives.dll
0x00007ffca3090000 - 0x00007ffca30b5000 	C:\Users\hemantb\sts-4.13.0.RELEASE\plugins\org.eclipse.justj.openjdk.hotspot.jre.full.win32.x86_64_17.0.1.v20211116-1657\jre\bin\java.dll

dbghelp: loaded successfully - version: 4.0.5 - missing functions: none
symbol engine: initialized successfully - sym options: 0x614 - pdb path: .;C:\Users\hemantb\sts-4.13.0.RELEASE\plugins\org.eclipse.justj.openjdk.hotspot.jre.full.win32.x86_64_17.0.1.v20211116-1657\jre\bin;C:\Windows\SYSTEM32;C:\Windows\WinSxS\amd64_microsoft.windows.common-controls_6595b64144ccf1df_6.0.19041.1110_none_60b5254171f9507e;C:\Users\hemantb\sts-4.13.0.RELEASE\plugins\org.eclipse.justj.openjdk.hotspot.jre.full.win32.x86_64_17.0.1.v20211116-1657\jre\bin\server

VM Arguments:
java_command: C:\Users\hemantb\AppData\Local\Temp\surefire10041668518695772815\surefirebooter9262580536013247651.jar C:\Users\hemantb\AppData\Local\Temp\surefire10041668518695772815 2022-01-19T14-12-23_230-jvmRun1 surefire1914568210400037072tmp surefire_014573103261814610011tmp
java_class_path (initial): C:\Users\hemantb\AppData\Local\Temp\surefire10041668518695772815\surefirebooter9262580536013247651.jar
Launcher Type: SUN_STANDARD

[Global flags]
     intx CICompilerCount                          = 4                                         {product} {ergonomic}
     uint ConcGCThreads                            = 2                                         {product} {ergonomic}
     uint G1ConcRefinementThreads                  = 8                                         {product} {ergonomic}
   size_t G1HeapRegionSize                         = 2097152                                   {product} {ergonomic}
    uintx GCDrainStackTargetSize                   = 64                                        {product} {ergonomic}
   size_t InitialHeapSize                          = 268435456                                 {product} {ergonomic}
   size_t MarkStackSize                            = 4194304                                   {product} {ergonomic}
   size_t MaxHeapSize                              = 4269801472                                {product} {ergonomic}
   size_t MinHeapDeltaBytes                        = 2097152                                   {product} {ergonomic}
   size_t MinHeapSize                              = 8388608                                   {product} {ergonomic}
    uintx NonNMethodCodeHeapSize                   = 5839372                                {pd product} {ergonomic}
    uintx NonProfiledCodeHeapSize                  = 122909434                              {pd product} {ergonomic}
    uintx ProfiledCodeHeapSize                     = 122909434                              {pd product} {ergonomic}
    uintx ReservedCodeCacheSize                    = 251658240                              {pd product} {ergonomic}
     bool SegmentedCodeCache                       = true                                      {product} {ergonomic}
   size_t SoftMaxHeapSize                          = 4269801472                             {manageable} {ergonomic}
     bool UseCompressedClassPointers               = true                           {product lp64_product} {ergonomic}
     bool UseCompressedOops                        = true                           {product lp64_product} {ergonomic}
     bool UseG1GC                                  = true                                      {product} {ergonomic}
     bool UseLargePagesIndividualAllocation        = false                                  {pd product} {ergonomic}

Logging:
Log output configuration:
 #0: stdout all=warning uptime,level,tags
 #1: stderr all=off uptime,level,tags

Environment Variables:
JAVA_HOME=C:\Program Files\Java\jdk-17.0.1
CLASSPATH=.;C:\introcs
PATH=C:/Users/hemantb/sts-4.13.0.RELEASE//plugins/org.eclipse.justj.openjdk.hotspot.jre.full.win32.x86_64_17.0.1.v20211116-1657/jre/bin/server;C:/Users/hemantb/sts-4.13.0.RELEASE//plugins/org.eclipse.justj.openjdk.hotspot.jre.full.win32.x86_64_17.0.1.v20211116-1657/jre/bin;C:\Program Files\Common Files\Oracle\Java\javapath;C:\Program Files (x86)\Intel\iCLS Client\;C:\Program Files\Intel\iCLS Client\;C:\Windows\system32;C:\Windows;C:\Windows\System32\Wbem;C:\Windows\System32\WindowsPowerShell\v1.0\;C:\Windows\System32\OpenSSH\;C:\Program Files\Microsoft SQL Server\Client SDK\ODBC\170\Tools\Binn\;C:\Program Files (x86)\Microsoft SQL Server\150\Tools\Binn\;C:\Program Files\Microsoft SQL Server\150\Tools\Binn\;C:\Program Files\Microsoft SQL Server\150\DTS\Binn\;C:\Program Files (x86)\Microsoft SQL Server\150\DTS\Binn\;C:\Program Files\Azure Data Studio\bin;C:\Program Files\Intel\WiFi\bin\;C:\Program Files\Common Files\Intel\WirelessCommon\;C:\Program Files\Microsoft SQL Server\120\Tools\Binn\;C:\Program Files\Common Files\Autodesk Shared\;C:\Program Files\Common Files\Autodesk Shared\Advance\;C:\Program Files (x86)\Common Files\Autodesk Shared\Advance\;C:\Program Files\NVIDIA Corporation\NVIDIA NvDLISR;C:\Program Files (x86)\Intel\Intel(R) Management Engine Components\DAL;C:\Program Files\Intel\Intel(R) Management Engine Components\DAL;C:\Program Files (x86)\Intel\Intel(R) Management Engine Components\IPT;C:\Program Files\Intel\Intel(R) Management Engine Components\IPT;C:\Program Files\Java\jdk1.8.0_301\bin;C:\Program Files\dotnet\;C:\Program Files\nodejs\;C:\Users\hemantb\Documents\Git\cmd;C:\Users\hemantb\AppData\Local\Microsoft\WindowsApps;C:\Program Files\Azure Data Studio\bin;C:\Users\hemantb\anaconda3\Lib;C:\Users\hemantb\AppData\Local\Programs\Microsoft VS Code\bin;C:\Program Files\Eclipse Foundation\jdk-11.0.12.7-hotspot\bin;C:\Users\hemantb\AppData\Roaming\npm;C:\Program Files\heroku\bin;C:\Users\hemantb\sts-4.13.0.RELEASE;
USERNAME=hemantb
OS=Windows_NT
PROCESSOR_IDENTIFIER=Intel64 Family 6 Model 60 Stepping 3, GenuineIntel



---------------  S Y S T E M  ---------------

OS:
 Windows 10 , 64 bit Build 19041 (10.0.19041.1466)
OS uptime: 1 days 4:45 hours
Hyper-V role detected

CPU: total 8 (initial active 8) (4 cores per cpu, 2 threads per core) family 6 model 60 stepping 3 microcode 0x27, cx8, cmov, fxsr, ht, mmx, sse, sse2, sse3, ssse3, sse4.1, sse4.2, popcnt, lzcnt, tsc, tscinvbit, avx, avx2, aes, erms, clmul, bmi1, bmi2, fma, vzeroupper, clflush, hv

Memory: 4k page, system-wide physical 16287M (3514M free)
TotalPageFile size 26527M (AvailPageFile size 98M)
current process WorkingSet (physical memory assigned to process): 10M, peak: 10M
current process commit charge ("private bytes"): 60M, peak: 316M

vm_info: OpenJDK 64-Bit Server VM (17.0.1+12) for windows-amd64 JRE (17.0.1+12), built on Oct 20 2021 07:42:55 by "" with MS VC++ 16.7 (VS2019)

END.
