#
# There is insufficient memory for the Java Runtime Environment to continue.
# Native memory allocation (mmap) failed to map 134217728 bytes for G1 virtual space
# Possible reasons:
#   The system is out of physical RAM or swap space
#   The process is running with CompressedOops enabled, and the Java Heap may be blocking the growth of the native heap
# Possible solutions:
#   Reduce memory load on the system
#   Increase physical memory or swap space
#   Check if swap backing store is full
#   Decrease Java heap size (-Xmx/-Xms)
#   Decrease number of Java threads
#   Decrease Java thread stack sizes (-Xss)
#   Set larger code cache with -XX:ReservedCodeCacheSize=
#   JVM is running with Zero Based Compressed Oops mode in which the Java heap is
#     placed in the first 32GB address space. The Java Heap base address is the
#     maximum limit for the native heap growth. Please use -XX:HeapBaseMinAddress
#     to set the Java Heap base and to place the Java Heap above 32GB virtual address.
# This output file may be truncated or incomplete.
#
#  Out of Memory Error (os_windows.cpp:3469), pid=20228, tid=5196
#
# JRE version: OpenJDK Runtime Environment Temurin-17.0.1+12 (17.0.1+12) (build 17.0.1+12)
# Java VM: OpenJDK 64-Bit Server VM Temurin-17.0.1+12 (17.0.1+12, mixed mode, tiered, compressed oops, compressed class ptrs, g1 gc, windows-amd64)
# No core dump will be written. Minidumps are not enabled by default on client versions of Windows
#

---------------  S U M M A R Y ------------

Command Line: -Dmaven.home=EMBEDDED -Dclassworlds.conf=C:\Users\hemantb\Pictures\Project\.metadata\.plugins\org.eclipse.m2e.launching\launches\m2conf8590309501481181351.tmp -Dmaven.multiModuleProjectDirectory=C:\Users\hemantb\Pictures\Project\Transaction -Djansi.force=true -Djansi.passthrough=true -Dfile.encoding=Cp1252 -XX:+ShowCodeDetailsInExceptionMessages org.codehaus.plexus.classworlds.launcher.Launcher -B install -Dstyle.color=always

Host: Intel(R) Core(TM) i7-4702HQ CPU @ 2.20GHz, 8 cores, 15G,  Windows 10 , 64 bit Build 19041 (10.0.19041.1466)
Time: Thu Jan 20 17:29:35 2022 India Standard Time elapsed time: 10.614557 seconds (0d 0h 0m 10s)

---------------  T H R E A D  ---------------

Current thread (0x000001775981f410):  VMThread "VM Thread" [stack: 0x000000136b000000,0x000000136b100000] [id=5196]

Stack: [0x000000136b000000,0x000000136b100000]
Native frames: (J=compiled Java code, j=interpreted, Vv=VM code, C=native code)
V  [jvm.dll+0x6744da]
V  [jvm.dll+0x82e144]
V  [jvm.dll+0x82f8ee]
V  [jvm.dll+0x82ff53]
V  [jvm.dll+0x245175]
V  [jvm.dll+0x6714c9]
V  [jvm.dll+0x665f92]
V  [jvm.dll+0x303c3b]
V  [jvm.dll+0x30b176]
V  [jvm.dll+0x35af1e]
V  [jvm.dll+0x35b14f]
V  [jvm.dll+0x2dab78]
V  [jvm.dll+0x2d8e2c]
V  [jvm.dll+0x2d83fc]
V  [jvm.dll+0x31c24b]
V  [jvm.dll+0x8343bb]
V  [jvm.dll+0x8350f4]
V  [jvm.dll+0x83560c]
V  [jvm.dll+0x8359e4]
V  [jvm.dll+0x835ab0]
V  [jvm.dll+0x7de51a]
V  [jvm.dll+0x673305]
C  [ucrtbase.dll+0x21bb2]
C  [KERNEL32.DLL+0x17034]
C  [ntdll.dll+0x52651]

VM_Operation (0x000000136aafd3d0): G1CollectForAllocation, mode: safepoint, requested by thread 0x000001773a19f170


---------------  P R O C E S S  ---------------

Threads class SMR info:
_java_thread_list=0x000001775a06f6a0, length=15, elements={
0x000001773a19f170, 0x0000017759834630, 0x0000017759835c20, 0x000001775986c010,
0x000001775986ecf0, 0x000001775986ff50, 0x0000017759876010, 0x000001775987c3f0,
0x000001775987e1a0, 0x0000017759889b10, 0x00000177599ef1c0, 0x0000017759a0cad0,
0x000001775bf051f0, 0x000001775b9cc590, 0x000001775bf02460
}

Java Threads: ( => current thread )
  0x000001773a19f170 JavaThread "main" [_thread_blocked, id=11244, stack(0x000000136aa00000,0x000000136ab00000)]
  0x0000017759834630 JavaThread "Reference Handler" daemon [_thread_blocked, id=16792, stack(0x000000136b100000,0x000000136b200000)]
  0x0000017759835c20 JavaThread "Finalizer" daemon [_thread_blocked, id=24472, stack(0x000000136b200000,0x000000136b300000)]
  0x000001775986c010 JavaThread "Signal Dispatcher" daemon [_thread_blocked, id=24476, stack(0x000000136b300000,0x000000136b400000)]
  0x000001775986ecf0 JavaThread "Attach Listener" daemon [_thread_blocked, id=23828, stack(0x000000136b400000,0x000000136b500000)]
  0x000001775986ff50 JavaThread "Service Thread" daemon [_thread_blocked, id=20516, stack(0x000000136b500000,0x000000136b600000)]
  0x0000017759876010 JavaThread "Monitor Deflation Thread" daemon [_thread_blocked, id=23972, stack(0x000000136b600000,0x000000136b700000)]
  0x000001775987c3f0 JavaThread "C2 CompilerThread0" daemon [_thread_blocked, id=608, stack(0x000000136b700000,0x000000136b800000)]
  0x000001775987e1a0 JavaThread "C1 CompilerThread0" daemon [_thread_blocked, id=22996, stack(0x000000136b800000,0x000000136b900000)]
  0x0000017759889b10 JavaThread "Sweeper thread" daemon [_thread_blocked, id=9696, stack(0x000000136b900000,0x000000136ba00000)]
  0x00000177599ef1c0 JavaThread "Notification Thread" daemon [_thread_blocked, id=17676, stack(0x000000136ba00000,0x000000136bb00000)]
  0x0000017759a0cad0 JavaThread "Common-Cleaner" daemon [_thread_blocked, id=23776, stack(0x000000136bc00000,0x000000136bd00000)]
  0x000001775bf051f0 JavaThread "C2 CompilerThread1" daemon [_thread_in_native, id=24440, stack(0x000000136bd00000,0x000000136be00000)]
  0x000001775b9cc590 JavaThread "Thread-1" daemon [_thread_blocked, id=23300, stack(0x000000136be00000,0x000000136bf00000)]
  0x000001775bf02460 JavaThread "C2 CompilerThread2" daemon [_thread_blocked, id=23344, stack(0x000000136c700000,0x000000136c800000)]

Other Threads:
=>0x000001775981f410 VMThread "VM Thread" [stack: 0x000000136b000000,0x000000136b100000] [id=5196]
  0x00000177599fdee0 WatcherThread [stack: 0x000000136bb00000,0x000000136bc00000] [id=17852]
  0x000001773a1efe60 GCTaskThread "GC Thread#0" [stack: 0x000000136ab00000,0x000000136ac00000] [id=20392]
  0x000001775a3ea7a0 GCTaskThread "GC Thread#1" [stack: 0x000000136bf00000,0x000000136c000000] [id=23940]
  0x000001775b0dbd00 GCTaskThread "GC Thread#2" [stack: 0x000000136c000000,0x000000136c100000] [id=3040]
  0x000001775a3feb20 GCTaskThread "GC Thread#3" [stack: 0x000000136c100000,0x000000136c200000] [id=24580]
  0x000001775b0dbfb0 GCTaskThread "GC Thread#4" [stack: 0x000000136c200000,0x000000136c300000] [id=19644]
  0x000001775b0dc670 GCTaskThread "GC Thread#5" [stack: 0x000000136c300000,0x000000136c400000] [id=21708]
  0x000001775b087e60 GCTaskThread "GC Thread#6" [stack: 0x000000136c400000,0x000000136c500000] [id=22148]
  0x000001775b088520 GCTaskThread "GC Thread#7" [stack: 0x000000136c500000,0x000000136c600000] [id=19244]
  0x000001773a2013c0 ConcurrentGCThread "G1 Main Marker" [stack: 0x000000136ac00000,0x000000136ad00000] [id=16536]
  0x000001773a202de0 ConcurrentGCThread "G1 Conc#0" [stack: 0x000000136ad00000,0x000000136ae00000] [id=25380]
  0x000001775ba5d2d0 ConcurrentGCThread "G1 Conc#1" [stack: 0x000000136c600000,0x000000136c700000] [id=25292]
  0x0000017758ba20c0 ConcurrentGCThread "G1 Refine#0" [stack: 0x000000136ae00000,0x000000136af00000] [id=17472]
  0x0000017758ba2ae0 ConcurrentGCThread "G1 Service" [stack: 0x000000136af00000,0x000000136b000000] [id=25048]

Threads with active compile tasks:
C2 CompilerThread0    10652 6493       4       org.codehaus.plexus.util.xml.Xpp3DomBuilder::build (413 bytes)
C2 CompilerThread1    10652 6455       4       org.apache.maven.model.inheritance.DefaultInheritanceAssembler$InheritanceModelMerger::mergePluginContainer_Plugins (430 bytes)
C2 CompilerThread2    10652 6537       4       java.util.HashMap::keysToArray (81 bytes)

VM state: at safepoint (normal execution)

VM Mutex/Monitor currently owned by a thread:  ([mutex/lock_event])
[0x000001773a198940] Threads_lock - owner thread: 0x000001775981f410
[0x000001773a199ab0] Heap_lock - owner thread: 0x000001773a19f170

Heap address: 0x0000000701800000, size: 4072 MB, Compressed Oops mode: Zero based, Oop shift amount: 3

CDS archive(s) not mapped
Compressed class space mapped at: 0x0000000800000000-0x0000000840000000, reserved size: 1073741824
Narrow klass base: 0x0000000800000000, Narrow klass shift: 0, Narrow klass range: 0x40000000

GC Precious Log:
 CPUs: 8 total, 8 available
 Memory: 16287M
 Large Page Support: Disabled
 NUMA Support: Disabled
 Compressed Oops: Enabled (Zero based)
 Heap Region Size: 2M
 Heap Min Capacity: 8M
 Heap Initial Capacity: 256M
 Heap Max Capacity: 4072M
 Pre-touch: Disabled
 Parallel Workers: 8
 Concurrent Workers: 2
 Concurrent Refinement Workers: 8
 Periodic GC: Disabled

Heap:
 garbage-first heap   total 131072K, used 54167K [0x0000000701800000, 0x0000000800000000)
  region size 2048K, 2 young (4096K), 2 survivors (4096K)
 Metaspace       used 37679K, committed 38080K, reserved 1089536K
  class space    used 4000K, committed 4224K, reserved 1048576K

Heap Regions: E=young(eden), S=young(survivor), O=old, HS=humongous(starts), HC=humongous(continues), CS=collection set, F=free, OA=open archive, CA=closed archive, TAMS=top-at-mark-start (previous, next)
|   0|0x0000000701800000, 0x0000000701a00000, 0x0000000701a00000|100%| O|  |TAMS 0x0000000701a00000, 0x0000000701800000| Untracked 
|   1|0x0000000701a00000, 0x0000000701c00000, 0x0000000701c00000|100%| O|  |TAMS 0x0000000701c00000, 0x0000000701a00000| Untracked 
|   2|0x0000000701c00000, 0x0000000701e00000, 0x0000000701e00000|100%| O|  |TAMS 0x0000000701e00000, 0x0000000701c00000| Untracked 
|   3|0x0000000701e00000, 0x0000000702000000, 0x0000000702000000|100%| O|  |TAMS 0x0000000702000000, 0x0000000701e00000| Untracked 
|   4|0x0000000702000000, 0x0000000702200000, 0x0000000702200000|100%| O|  |TAMS 0x0000000702200000, 0x0000000702000000| Untracked 
|   5|0x0000000702200000, 0x0000000702400000, 0x0000000702400000|100%| O|  |TAMS 0x0000000702400000, 0x0000000702200000| Untracked 
|   6|0x0000000702400000, 0x0000000702600000, 0x0000000702600000|100%| O|  |TAMS 0x0000000702600000, 0x0000000702400000| Untracked 
|   7|0x0000000702600000, 0x0000000702800000, 0x0000000702800000|100%| O|  |TAMS 0x0000000702800000, 0x0000000702600000| Untracked 
|   8|0x0000000702800000, 0x0000000702a00000, 0x0000000702a00000|100%| O|  |TAMS 0x00000007028d0800, 0x0000000702800000| Untracked 
|   9|0x0000000702a00000, 0x0000000702c00000, 0x0000000702c00000|100%| O|  |TAMS 0x0000000702a00000, 0x0000000702a00000| Untracked 
|  10|0x0000000702c00000, 0x0000000702e00000, 0x0000000702e00000|100%| O|  |TAMS 0x0000000702c00000, 0x0000000702c00000| Untracked 
|  11|0x0000000702e00000, 0x0000000703000000, 0x0000000703000000|100%| O|  |TAMS 0x0000000702e00000, 0x0000000702e00000| Untracked 
|  12|0x0000000703000000, 0x0000000703200000, 0x0000000703200000|100%| O|  |TAMS 0x0000000703000000, 0x0000000703000000| Untracked 
|  13|0x0000000703200000, 0x0000000703400000, 0x0000000703400000|100%| O|  |TAMS 0x0000000703200000, 0x0000000703200000| Untracked 
|  14|0x0000000703400000, 0x00000007034cc800, 0x0000000703600000| 39%| O|  |TAMS 0x0000000703400000, 0x0000000703400000| Untracked 
|  15|0x0000000703600000, 0x0000000703800000, 0x0000000703800000|100%| O|  |TAMS 0x0000000703600000, 0x0000000703600000| Untracked 
|  16|0x0000000703800000, 0x0000000703a00000, 0x0000000703a00000|100%| O|  |TAMS 0x0000000703800000, 0x0000000703800000| Untracked 
|  17|0x0000000703a00000, 0x0000000703c00000, 0x0000000703c00000|100%| O|  |TAMS 0x0000000703a00000, 0x0000000703a00000| Untracked 
|  18|0x0000000703c00000, 0x0000000703e00000, 0x0000000703e00000|100%| O|  |TAMS 0x0000000703c00000, 0x0000000703c00000| Untracked 
|  19|0x0000000703e00000, 0x0000000704000000, 0x0000000704000000|100%| O|  |TAMS 0x0000000703e00000, 0x0000000703e00000| Untracked 
|  20|0x0000000704000000, 0x0000000704200000, 0x0000000704200000|100%| O|  |TAMS 0x0000000704000000, 0x0000000704000000| Untracked 
|  21|0x0000000704200000, 0x0000000704400000, 0x0000000704400000|100%| O|  |TAMS 0x0000000704200000, 0x0000000704200000| Untracked 
|  22|0x0000000704400000, 0x0000000704600000, 0x0000000704600000|100%| O|  |TAMS 0x0000000704400000, 0x0000000704400000| Untracked 
|  23|0x0000000704600000, 0x0000000704800000, 0x0000000704800000|100%| O|  |TAMS 0x0000000704600000, 0x0000000704600000| Untracked 
|  24|0x0000000704800000, 0x00000007048c2200, 0x0000000704a00000| 37%| O|  |TAMS 0x0000000704800000, 0x0000000704800000| Untracked 
|  25|0x0000000704a00000, 0x0000000704a00000, 0x0000000704c00000|  0%| F|  |TAMS 0x0000000704a00000, 0x0000000704a00000| Untracked 
|  26|0x0000000704c00000, 0x0000000704e00000, 0x0000000704e00000|100%| O|  |TAMS 0x0000000704c00000, 0x0000000704c00000| Untracked 
|  27|0x0000000704e00000, 0x0000000704e00000, 0x0000000705000000|  0%| F|  |TAMS 0x0000000704e00000, 0x0000000704e00000| Untracked 
|  28|0x0000000705000000, 0x0000000705000000, 0x0000000705200000|  0%| F|  |TAMS 0x0000000705000000, 0x0000000705000000| Untracked 
|  29|0x0000000705200000, 0x0000000705200000, 0x0000000705400000|  0%| F|  |TAMS 0x0000000705200000, 0x0000000705200000| Untracked 
|  30|0x0000000705400000, 0x0000000705400000, 0x0000000705600000|  0%| F|  |TAMS 0x0000000705400000, 0x0000000705400000| Untracked 
|  31|0x0000000705600000, 0x0000000705600000, 0x0000000705800000|  0%| F|  |TAMS 0x0000000705600000, 0x0000000705600000| Untracked 
|  32|0x0000000705800000, 0x0000000705800000, 0x0000000705a00000|  0%| F|  |TAMS 0x0000000705800000, 0x0000000705800000| Untracked 
|  33|0x0000000705a00000, 0x0000000705a00000, 0x0000000705c00000|  0%| F|  |TAMS 0x0000000705a00000, 0x0000000705a00000| Untracked 
|  34|0x0000000705c00000, 0x0000000705c00000, 0x0000000705e00000|  0%| F|  |TAMS 0x0000000705c00000, 0x0000000705c00000| Untracked 
|  35|0x0000000705e00000, 0x0000000705e00000, 0x0000000706000000|  0%| F|  |TAMS 0x0000000705e00000, 0x0000000705e00000| Untracked 
|  36|0x0000000706000000, 0x0000000706000000, 0x0000000706200000|  0%| F|  |TAMS 0x0000000706000000, 0x0000000706000000| Untracked 
|  37|0x0000000706200000, 0x0000000706200000, 0x0000000706400000|  0%| F|  |TAMS 0x0000000706200000, 0x0000000706200000| Untracked 
|  38|0x0000000706400000, 0x0000000706400000, 0x0000000706600000|  0%| F|  |TAMS 0x0000000706400000, 0x0000000706400000| Untracked 
|  39|0x0000000706600000, 0x0000000706600000, 0x0000000706800000|  0%| F|  |TAMS 0x0000000706600000, 0x0000000706600000| Untracked 
|  40|0x0000000706800000, 0x0000000706957338, 0x0000000706a00000| 67%| S|CS|TAMS 0x0000000706800000, 0x0000000706800000| Complete 
|  41|0x0000000706a00000, 0x0000000706c00000, 0x0000000706c00000|100%| S|CS|TAMS 0x0000000706a00000, 0x0000000706a00000| Complete 
|  42|0x0000000706c00000, 0x0000000706c00000, 0x0000000706e00000|  0%| F|  |TAMS 0x0000000706c00000, 0x0000000706c00000| Untracked 
|  43|0x0000000706e00000, 0x0000000706e00000, 0x0000000707000000|  0%| F|  |TAMS 0x0000000706e00000, 0x0000000706e00000| Untracked 
|  44|0x0000000707000000, 0x0000000707000000, 0x0000000707200000|  0%| F|  |TAMS 0x0000000707000000, 0x0000000707000000| Untracked 
|  45|0x0000000707200000, 0x0000000707200000, 0x0000000707400000|  0%| F|  |TAMS 0x0000000707200000, 0x0000000707200000| Untracked 
|  46|0x0000000707400000, 0x0000000707400000, 0x0000000707600000|  0%| F|  |TAMS 0x0000000707400000, 0x0000000707400000| Untracked 
|  47|0x0000000707600000, 0x0000000707600000, 0x0000000707800000|  0%| F|  |TAMS 0x0000000707600000, 0x0000000707600000| Untracked 
|  48|0x0000000707800000, 0x0000000707800000, 0x0000000707a00000|  0%| F|  |TAMS 0x0000000707800000, 0x0000000707800000| Untracked 
|  49|0x0000000707a00000, 0x0000000707a00000, 0x0000000707c00000|  0%| F|  |TAMS 0x0000000707a00000, 0x0000000707a00000| Untracked 
|  50|0x0000000707c00000, 0x0000000707c00000, 0x0000000707e00000|  0%| F|  |TAMS 0x0000000707c00000, 0x0000000707c00000| Untracked 
|  51|0x0000000707e00000, 0x0000000707e00000, 0x0000000708000000|  0%| F|  |TAMS 0x0000000707e00000, 0x0000000707e00000| Untracked 
|  52|0x0000000708000000, 0x0000000708000000, 0x0000000708200000|  0%| F|  |TAMS 0x0000000708000000, 0x0000000708000000| Untracked 
|  53|0x0000000708200000, 0x0000000708200000, 0x0000000708400000|  0%| F|  |TAMS 0x0000000708200000, 0x0000000708200000| Untracked 
|  54|0x0000000708400000, 0x0000000708400000, 0x0000000708600000|  0%| F|  |TAMS 0x0000000708400000, 0x0000000708400000| Untracked 
|  55|0x0000000708600000, 0x0000000708600000, 0x0000000708800000|  0%| F|  |TAMS 0x0000000708600000, 0x0000000708600000| Untracked 
|  56|0x0000000708800000, 0x0000000708800000, 0x0000000708a00000|  0%| F|  |TAMS 0x0000000708800000, 0x0000000708800000| Untracked 
|  57|0x0000000708a00000, 0x0000000708a00000, 0x0000000708c00000|  0%| F|  |TAMS 0x0000000708a00000, 0x0000000708a00000| Untracked 
|  58|0x0000000708c00000, 0x0000000708c00000, 0x0000000708e00000|  0%| F|  |TAMS 0x0000000708c00000, 0x0000000708c00000| Untracked 
|  59|0x0000000708e00000, 0x0000000708e00000, 0x0000000709000000|  0%| F|  |TAMS 0x0000000708e00000, 0x0000000708e00000| Untracked 
|  60|0x0000000709000000, 0x0000000709000000, 0x0000000709200000|  0%| F|  |TAMS 0x0000000709000000, 0x0000000709000000| Untracked 
|  61|0x0000000709200000, 0x0000000709200000, 0x0000000709400000|  0%| F|  |TAMS 0x0000000709200000, 0x0000000709200000| Untracked 
|  62|0x0000000709400000, 0x0000000709400000, 0x0000000709600000|  0%| F|  |TAMS 0x0000000709400000, 0x0000000709400000| Untracked 
| 127|0x0000000711600000, 0x0000000711600000, 0x0000000711800000|  0%| F|  |TAMS 0x0000000711600000, 0x0000000711600000| Untracked 

Card table byte_map: [0x000001774d380000,0x000001774db80000] _byte_map_base: 0x0000017749b74000

Marking Bits (Prev, Next): (CMBitMap*) 0x000001773a1f0470, (CMBitMap*) 0x000001773a1f04b0
 Prev Bits: [0x000001774e380000, 0x0000017752320000)
 Next Bits: [0x0000017752320000, 0x00000177562c0000)

Polling page: 0x0000017739980000

Metaspace:

Usage:
  Non-class:     32.89 MB used.
      Class:      3.91 MB used.
       Both:     36.80 MB used.

Virtual space:
  Non-class space:       40.00 MB reserved,      33.06 MB ( 83%) committed,  5 nodes.
      Class space:        1.00 GB reserved,       4.12 MB ( <1%) committed,  1 nodes.
             Both:        1.04 GB reserved,      37.19 MB (  3%) committed. 

Chunk freelists:
   Non-Class:  2.31 MB
       Class:  3.92 MB
        Both:  6.23 MB

MaxMetaspaceSize: unlimited
CompressedClassSpaceSize: 1.00 GB
Initial GC threshold: 21.00 MB
Current GC threshold: 58.88 MB
CDS: off
MetaspaceReclaimPolicy: balanced
 - commit_granule_bytes: 65536.
 - commit_granule_words: 8192.
 - virtual_space_node_default_size: 1048576.
 - enlarge_chunks_in_place: 1.
 - new_chunks_are_fully_committed: 0.
 - uncommit_free_chunks: 1.
 - use_allocation_guard: 0.
 - handle_deallocations: 1.


Internal statistics:

num_allocs_failed_limit: 6.
num_arena_births: 228.
num_arena_deaths: 0.
num_vsnodes_births: 6.
num_vsnodes_deaths: 0.
num_space_committed: 595.
num_space_uncommitted: 0.
num_chunks_returned_to_freelist: 6.
num_chunks_taken_from_freelist: 1340.
num_chunk_merges: 3.
num_chunk_splits: 913.
num_chunks_enlarged: 679.
num_purges: 0.
num_inconsistent_stats: 0.

CodeHeap 'non-profiled nmethods': size=120000Kb used=3422Kb max_used=3513Kb free=116577Kb
 bounds [0x0000017745320000, 0x00000177456a0000, 0x000001774c850000]
CodeHeap 'profiled nmethods': size=120000Kb used=11811Kb max_used=13543Kb free=108188Kb
 bounds [0x000001773ddf0000, 0x000001773eb30000, 0x0000017745320000]
CodeHeap 'non-nmethods': size=5760Kb used=1212Kb max_used=1266Kb free=4547Kb
 bounds [0x000001773d850000, 0x000001773dac0000, 0x000001773ddf0000]
 total_blobs=6151 nmethods=5638 adapters=425
 compilation: enabled
              stopped_count=0, restarted_count=0
 full_count=0

Compilation events (20 events):
Event: 10.593 Thread 0x000001775987e1a0 nmethod 6522 0x000001773e793690 code [0x000001773e793840, 0x000001773e7939e8]
Event: 10.593 Thread 0x000001775987e1a0 6523       3       com.google.common.collect.AbstractSetMultimap::put (7 bytes)
Event: 10.593 Thread 0x000001775987e1a0 nmethod 6523 0x000001773e03be90 code [0x000001773e03c020, 0x000001773e03c168]
Event: 10.593 Thread 0x000001775987e1a0 6525       3       com.google.common.collect.LinkedHashMultimap$ValueEntry::<init> (18 bytes)
Event: 10.593 Thread 0x000001775987e1a0 nmethod 6525 0x000001773e2d0c10 code [0x000001773e2d0dc0, 0x000001773e2d1118]
Event: 10.593 Thread 0x000001775987e1a0 6527       3       com.google.inject.spi.Dependency::get (15 bytes)
Event: 10.594 Thread 0x000001775987e1a0 nmethod 6527 0x000001773e252490 code [0x000001773e252680, 0x000001773e252bd8]
Event: 10.594 Thread 0x000001775987e1a0 6528       1       org.eclipse.sisu.inject.DefaultRankingFunction::maxRank (3 bytes)
Event: 10.594 Thread 0x000001775987e1a0 nmethod 6528 0x0000017745394890 code [0x0000017745394a20, 0x0000017745394af8]
Event: 10.594 Thread 0x000001775987e1a0 6532       3       sun.invoke.util.Wrapper::forBasicType (16 bytes)
Event: 10.595 Thread 0x000001775987e1a0 nmethod 6532 0x000001773e79dd90 code [0x000001773e79df40, 0x000001773e79e0e8]
Event: 10.595 Thread 0x000001775987e1a0 6533       3       org.eclipse.sisu.inject.RankedSequence$Itr::hasNext (116 bytes)
Event: 10.596 Thread 0x000001775987e1a0 nmethod 6533 0x000001773e8f4b10 code [0x000001773e8f4d00, 0x000001773e8f53a8]
Event: 10.596 Thread 0x000001775987e1a0 6534       3       org.eclipse.sisu.inject.RankedSequence::removeThis (43 bytes)
Event: 10.598 Thread 0x000001775987e1a0 nmethod 6534 0x000001773e246f10 code [0x000001773e247200, 0x000001773e248348]
Event: 10.598 Thread 0x000001775987e1a0 6535       1       java.lang.reflect.Method::getMethodAccessor (5 bytes)
Event: 10.598 Thread 0x000001775bf02460 6537       4       java.util.HashMap::keysToArray (81 bytes)
Event: 10.598 Thread 0x000001775987e1a0 nmethod 6535 0x0000017745394590 code [0x0000017745394720, 0x00000177453947f8]
Event: 10.599 Thread 0x000001775987e1a0 6536       1       jdk.internal.reflect.NativeMethodAccessorImpl::setParent (6 bytes)
Event: 10.599 Thread 0x000001775987e1a0 nmethod 6536 0x0000017745394290 code [0x0000017745394420, 0x0000017745394538]

GC Heap History (20 events):
Event: 3.836 GC heap after
{Heap after GC invocations=3 (full 0):
 garbage-first heap   total 262144K, used 11632K [0x0000000701800000, 0x0000000800000000)
  region size 2048K, 5 young (10240K), 5 survivors (10240K)
 Metaspace       used 21392K, committed 21504K, reserved 1073152K
  class space    used 2203K, committed 2240K, reserved 1048576K
}
Event: 4.260 GC heap before
{Heap before GC invocations=4 (full 0):
 garbage-first heap   total 55296K, used 34160K [0x0000000701800000, 0x0000000800000000)
  region size 2048K, 16 young (32768K), 5 survivors (10240K)
 Metaspace       used 21697K, committed 21888K, reserved 1073152K
  class space    used 2220K, committed 2304K, reserved 1048576K
}
Event: 4.274 GC heap after
{Heap after GC invocations=5 (full 0):
 garbage-first heap   total 55296K, used 12591K [0x0000000701800000, 0x0000000800000000)
  region size 2048K, 1 young (2048K), 1 survivors (2048K)
 Metaspace       used 21697K, committed 21888K, reserved 1073152K
  class space    used 2220K, committed 2304K, reserved 1048576K
}
Event: 4.328 GC heap before
{Heap before GC invocations=5 (full 0):
 garbage-first heap   total 55296K, used 14639K [0x0000000701800000, 0x0000000800000000)
  region size 2048K, 2 young (4096K), 1 survivors (2048K)
 Metaspace       used 21743K, committed 21952K, reserved 1073152K
  class space    used 2227K, committed 2304K, reserved 1048576K
}
Event: 4.333 GC heap after
{Heap after GC invocations=6 (full 0):
 garbage-first heap   total 55296K, used 13481K [0x0000000701800000, 0x0000000800000000)
  region size 2048K, 1 young (2048K), 1 survivors (2048K)
 Metaspace       used 21743K, committed 21952K, reserved 1073152K
  class space    used 2227K, committed 2304K, reserved 1048576K
}
Event: 4.503 GC heap before
{Heap before GC invocations=6 (full 0):
 garbage-first heap   total 55296K, used 25769K [0x0000000701800000, 0x0000000800000000)
  region size 2048K, 4 young (8192K), 1 survivors (2048K)
 Metaspace       used 22607K, committed 22848K, reserved 1073152K
  class space    used 2312K, committed 2432K, reserved 1048576K
}
Event: 4.506 GC heap after
{Heap after GC invocations=7 (full 0):
 garbage-first heap   total 55296K, used 21572K [0x0000000701800000, 0x0000000800000000)
  region size 2048K, 1 young (2048K), 1 survivors (2048K)
 Metaspace       used 22607K, committed 22848K, reserved 1073152K
  class space    used 2312K, committed 2432K, reserved 1048576K
}
Event: 4.507 GC heap before
{Heap before GC invocations=7 (full 0):
 garbage-first heap   total 55296K, used 33860K [0x0000000701800000, 0x0000000800000000)
  region size 2048K, 2 young (4096K), 1 survivors (2048K)
 Metaspace       used 22607K, committed 22848K, reserved 1073152K
  class space    used 2312K, committed 2432K, reserved 1048576K
}
Event: 4.510 GC heap after
{Heap after GC invocations=8 (full 0):
 garbage-first heap   total 159744K, used 33897K [0x0000000701800000, 0x0000000800000000)
  region size 2048K, 1 young (2048K), 1 survivors (2048K)
 Metaspace       used 22607K, committed 22848K, reserved 1073152K
  class space    used 2312K, committed 2432K, reserved 1048576K
}
Event: 5.681 GC heap before
{Heap before GC invocations=8 (full 0):
 garbage-first heap   total 159744K, used 134249K [0x0000000701800000, 0x0000000800000000)
  region size 2048K, 45 young (92160K), 1 survivors (2048K)
 Metaspace       used 27293K, committed 27520K, reserved 1081344K
  class space    used 2875K, committed 3008K, reserved 1048576K
}
Event: 5.688 GC heap after
{Heap after GC invocations=9 (full 0):
 garbage-first heap   total 159744K, used 15799K [0x0000000701800000, 0x0000000800000000)
  region size 2048K, 2 young (4096K), 2 survivors (4096K)
 Metaspace       used 27293K, committed 27520K, reserved 1081344K
  class space    used 2875K, committed 3008K, reserved 1048576K
}
Event: 6.849 GC heap before
{Heap before GC invocations=9 (full 0):
 garbage-first heap   total 159744K, used 103863K [0x0000000701800000, 0x0000000800000000)
  region size 2048K, 46 young (94208K), 2 survivors (4096K)
 Metaspace       used 31715K, committed 32000K, reserved 1081344K
  class space    used 3334K, committed 3456K, reserved 1048576K
}
Event: 6.867 GC heap after
{Heap after GC invocations=10 (full 0):
 garbage-first heap   total 159744K, used 29506K [0x0000000701800000, 0x0000000800000000)
  region size 2048K, 6 young (12288K), 6 survivors (12288K)
 Metaspace       used 31715K, committed 32000K, reserved 1081344K
  class space    used 3334K, committed 3456K, reserved 1048576K
}
Event: 8.830 GC heap before
{Heap before GC invocations=10 (full 0):
 garbage-first heap   total 159744K, used 101186K [0x0000000701800000, 0x0000000800000000)
  region size 2048K, 42 young (86016K), 6 survivors (12288K)
 Metaspace       used 35718K, committed 35968K, reserved 1089536K
  class space    used 3790K, committed 3904K, reserved 1048576K
}
Event: 8.851 GC heap after
{Heap after GC invocations=11 (full 0):
 garbage-first heap   total 159744K, used 34799K [0x0000000701800000, 0x0000000800000000)
  region size 2048K, 3 young (6144K), 3 survivors (6144K)
 Metaspace       used 35718K, committed 35968K, reserved 1089536K
  class space    used 3790K, committed 3904K, reserved 1048576K
}
Event: 9.249 GC heap before
{Heap before GC invocations=12 (full 0):
 garbage-first heap   total 131072K, used 104431K [0x0000000701800000, 0x0000000800000000)
  region size 2048K, 38 young (77824K), 3 survivors (6144K)
 Metaspace       used 35792K, committed 36160K, reserved 1089536K
  class space    used 3796K, committed 3968K, reserved 1048576K
}
Event: 9.263 GC heap after
{Heap after GC invocations=13 (full 0):
 garbage-first heap   total 131072K, used 42322K [0x0000000701800000, 0x0000000800000000)
  region size 2048K, 5 young (10240K), 5 survivors (10240K)
 Metaspace       used 35792K, committed 36160K, reserved 1089536K
  class space    used 3796K, committed 3968K, reserved 1048576K
}
Event: 9.731 GC heap before
{Heap before GC invocations=13 (full 0):
 garbage-first heap   total 131072K, used 95570K [0x0000000701800000, 0x0000000800000000)
  region size 2048K, 32 young (65536K), 5 survivors (10240K)
 Metaspace       used 35824K, committed 36160K, reserved 1089536K
  class space    used 3796K, committed 3968K, reserved 1048576K
}
Event: 9.743 GC heap after
{Heap after GC invocations=14 (full 0):
 garbage-first heap   total 131072K, used 50226K [0x0000000701800000, 0x0000000800000000)
  region size 2048K, 4 young (8192K), 4 survivors (8192K)
 Metaspace       used 35824K, committed 36160K, reserved 1089536K
  class space    used 3796K, committed 3968K, reserved 1048576K
}
Event: 10.602 GC heap before
{Heap before GC invocations=14 (full 0):
 garbage-first heap   total 131072K, used 93234K [0x0000000701800000, 0x0000000800000000)
  region size 2048K, 26 young (53248K), 4 survivors (8192K)
 Metaspace       used 37679K, committed 38080K, reserved 1089536K
  class space    used 4000K, committed 4224K, reserved 1048576K
}

Deoptimization events (20 events):
Event: 10.459 Thread 0x000001773a19f170 DEOPT PACKING pc=0x000001774534b454 sp=0x000000136aafc780
Event: 10.459 Thread 0x000001773a19f170 DEOPT UNPACKING pc=0x000001773d8a23a3 sp=0x000000136aafc750 mode 2
Event: 10.495 Thread 0x000001773a19f170 DEOPT PACKING pc=0x000001773e2c03b2 sp=0x000000136aafc550
Event: 10.495 Thread 0x000001773a19f170 DEOPT UNPACKING pc=0x000001773d8a2b43 sp=0x000000136aafba88 mode 0
Event: 10.498 Thread 0x000001773a19f170 Uncommon trap: trap_request=0xffffff45 fr.pc=0x000001774554f728 relative=0x0000000000004268
Event: 10.498 Thread 0x000001773a19f170 Uncommon trap: reason=unstable_if action=reinterpret pc=0x000001774554f728 method=org.eclipse.aether.util.graph.transformer.ConflictResolver$State.deriveScope(Lorg/eclipse/aether/graph/DependencyNode;Ljava/lang/Object;)Ljava/lang/String; @ 8 c2
Event: 10.498 Thread 0x000001773a19f170 DEOPT PACKING pc=0x000001774554f728 sp=0x000000136aafd8b0
Event: 10.498 Thread 0x000001773a19f170 DEOPT UNPACKING pc=0x000001773d8a23a3 sp=0x000000136aafd818 mode 2
Event: 10.596 Thread 0x000001773a19f170 Uncommon trap: trap_request=0xffffff45 fr.pc=0x00000177455382e0 relative=0x0000000000000120
Event: 10.596 Thread 0x000001773a19f170 Uncommon trap: reason=unstable_if action=reinterpret pc=0x00000177455382e0 method=java.lang.ThreadLocal$ThreadLocalMap.getEntry(Ljava/lang/ThreadLocal;)Ljava/lang/ThreadLocal$ThreadLocalMap$Entry; @ 29 c2
Event: 10.596 Thread 0x000001773a19f170 DEOPT PACKING pc=0x00000177455382e0 sp=0x000000136aafdf30
Event: 10.596 Thread 0x000001773a19f170 DEOPT UNPACKING pc=0x000001773d8a23a3 sp=0x000000136aafde48 mode 2
Event: 10.601 Thread 0x000001773a19f170 Uncommon trap: trap_request=0xffffff45 fr.pc=0x00000177453f5e98 relative=0x0000000000000c98
Event: 10.601 Thread 0x000001773a19f170 Uncommon trap: reason=unstable_if action=reinterpret pc=0x00000177453f5e98 method=com.google.inject.internal.MoreTypes.canonicalize(Ljava/lang/reflect/Type;)Ljava/lang/reflect/Type; @ 16 c2
Event: 10.601 Thread 0x000001773a19f170 DEOPT PACKING pc=0x00000177453f5e98 sp=0x000000136aafdd60
Event: 10.601 Thread 0x000001773a19f170 DEOPT UNPACKING pc=0x000001773d8a23a3 sp=0x000000136aafdd00 mode 2
Event: 10.601 Thread 0x000001773a19f170 Uncommon trap: trap_request=0xffffffde fr.pc=0x00000177453ec0a0 relative=0x0000000000000080
Event: 10.601 Thread 0x000001773a19f170 Uncommon trap: reason=class_check action=maybe_recompile pc=0x00000177453ec0a0 method=com.google.inject.internal.MoreTypes.getRawType(Ljava/lang/reflect/Type;)Ljava/lang/Class; @ 13 c2
Event: 10.601 Thread 0x000001773a19f170 DEOPT PACKING pc=0x00000177453ec0a0 sp=0x000000136aafdd60
Event: 10.601 Thread 0x000001773a19f170 DEOPT UNPACKING pc=0x000001773d8a23a3 sp=0x000000136aafdcf0 mode 2

Classes unloaded (0 events):
No events

Classes redefined (0 events):
No events

Internal exceptions (20 events):
Event: 10.411 Thread 0x000001773a19f170 Exception <a 'sun/nio/fs/WindowsException'{0x0000000707b76670}> (0x0000000707b76670) 
thrown [e:\jenkins\tmp\workspace\build\src\src\hotspot\share\prims\jni.cpp, line 516]
Event: 10.411 Thread 0x000001773a19f170 Exception <a 'sun/nio/fs/WindowsException'{0x0000000707b76960}> (0x0000000707b76960) 
thrown [e:\jenkins\tmp\workspace\build\src\src\hotspot\share\prims\jni.cpp, line 516]
Event: 10.411 Thread 0x000001773a19f170 Exception <a 'sun/nio/fs/WindowsException'{0x0000000707b777f8}> (0x0000000707b777f8) 
thrown [e:\jenkins\tmp\workspace\build\src\src\hotspot\share\prims\jni.cpp, line 516]
Event: 10.411 Thread 0x000001773a19f170 Exception <a 'sun/nio/fs/WindowsException'{0x0000000707b77ac8}> (0x0000000707b77ac8) 
thrown [e:\jenkins\tmp\workspace\build\src\src\hotspot\share\prims\jni.cpp, line 516]
Event: 10.411 Thread 0x000001773a19f170 Exception <a 'sun/nio/fs/WindowsException'{0x0000000707b78910}> (0x0000000707b78910) 
thrown [e:\jenkins\tmp\workspace\build\src\src\hotspot\share\prims\jni.cpp, line 516]
Event: 10.411 Thread 0x000001773a19f170 Exception <a 'sun/nio/fs/WindowsException'{0x0000000707b78b90}> (0x0000000707b78b90) 
thrown [e:\jenkins\tmp\workspace\build\src\src\hotspot\share\prims\jni.cpp, line 516]
Event: 10.411 Thread 0x000001773a19f170 Exception <a 'sun/nio/fs/WindowsException'{0x0000000707b79bd8}> (0x0000000707b79bd8) 
thrown [e:\jenkins\tmp\workspace\build\src\src\hotspot\share\prims\jni.cpp, line 516]
Event: 10.411 Thread 0x000001773a19f170 Exception <a 'sun/nio/fs/WindowsException'{0x0000000707b79ea0}> (0x0000000707b79ea0) 
thrown [e:\jenkins\tmp\workspace\build\src\src\hotspot\share\prims\jni.cpp, line 516]
Event: 10.411 Thread 0x000001773a19f170 Exception <a 'sun/nio/fs/WindowsException'{0x0000000707b7adf8}> (0x0000000707b7adf8) 
thrown [e:\jenkins\tmp\workspace\build\src\src\hotspot\share\prims\jni.cpp, line 516]
Event: 10.411 Thread 0x000001773a19f170 Exception <a 'sun/nio/fs/WindowsException'{0x0000000707b7b188}> (0x0000000707b7b188) 
thrown [e:\jenkins\tmp\workspace\build\src\src\hotspot\share\prims\jni.cpp, line 516]
Event: 10.413 Thread 0x000001773a19f170 Exception <a 'sun/nio/fs/WindowsException'{0x0000000707b84dd8}> (0x0000000707b84dd8) 
thrown [e:\jenkins\tmp\workspace\build\src\src\hotspot\share\prims\jni.cpp, line 516]
Event: 10.416 Thread 0x000001773a19f170 Exception <a 'sun/nio/fs/WindowsException'{0x0000000707b9aa38}> (0x0000000707b9aa38) 
thrown [e:\jenkins\tmp\workspace\build\src\src\hotspot\share\prims\jni.cpp, line 516]
Event: 10.419 Thread 0x000001773a19f170 Exception <a 'sun/nio/fs/WindowsException'{0x0000000707bb2f28}> (0x0000000707bb2f28) 
thrown [e:\jenkins\tmp\workspace\build\src\src\hotspot\share\prims\jni.cpp, line 516]
Event: 10.419 Thread 0x000001773a19f170 Exception <a 'sun/nio/fs/WindowsException'{0x0000000707bb3690}> (0x0000000707bb3690) 
thrown [e:\jenkins\tmp\workspace\build\src\src\hotspot\share\prims\jni.cpp, line 516]
Event: 10.419 Thread 0x000001773a19f170 Exception <a 'sun/nio/fs/WindowsException'{0x0000000707bb3c50}> (0x0000000707bb3c50) 
thrown [e:\jenkins\tmp\workspace\build\src\src\hotspot\share\prims\jni.cpp, line 516]
Event: 10.419 Thread 0x000001773a19f170 Exception <a 'sun/nio/fs/WindowsException'{0x0000000707bb4390}> (0x0000000707bb4390) 
thrown [e:\jenkins\tmp\workspace\build\src\src\hotspot\share\prims\jni.cpp, line 516]
Event: 10.419 Thread 0x000001773a19f170 Exception <a 'sun/nio/fs/WindowsException'{0x0000000707bb46b0}> (0x0000000707bb46b0) 
thrown [e:\jenkins\tmp\workspace\build\src\src\hotspot\share\prims\jni.cpp, line 516]
Event: 10.419 Thread 0x000001773a19f170 Exception <a 'sun/nio/fs/WindowsException'{0x0000000707bb5348}> (0x0000000707bb5348) 
thrown [e:\jenkins\tmp\workspace\build\src\src\hotspot\share\prims\jni.cpp, line 516]
Event: 10.419 Thread 0x000001773a19f170 Exception <a 'sun/nio/fs/WindowsException'{0x0000000707bb5618}> (0x0000000707bb5618) 
thrown [e:\jenkins\tmp\workspace\build\src\src\hotspot\share\prims\jni.cpp, line 516]
Event: 10.419 Thread 0x000001773a19f170 Exception <a 'sun/nio/fs/WindowsException'{0x0000000707bb62a8}> (0x0000000707bb62a8) 
thrown [e:\jenkins\tmp\workspace\build\src\src\hotspot\share\prims\jni.cpp, line 516]

VM Operations (20 events):
Event: 8.851 Executing VM operation: CollectForMetadataAllocation done
Event: 8.889 Executing VM operation: G1Concurrent
Event: 8.897 Executing VM operation: G1Concurrent done
Event: 8.909 Executing VM operation: HandshakeAllThreads
Event: 8.909 Executing VM operation: HandshakeAllThreads done
Event: 8.914 Executing VM operation: G1Concurrent
Event: 8.915 Executing VM operation: G1Concurrent done
Event: 8.927 Executing VM operation: HandshakeAllThreads
Event: 8.927 Executing VM operation: HandshakeAllThreads done
Event: 8.947 Executing VM operation: HandshakeAllThreads
Event: 8.947 Executing VM operation: HandshakeAllThreads done
Event: 9.249 Executing VM operation: G1CollectForAllocation
Event: 9.263 Executing VM operation: G1CollectForAllocation done
Event: 9.731 Executing VM operation: G1CollectForAllocation
Event: 9.743 Executing VM operation: G1CollectForAllocation done
Event: 10.585 Executing VM operation: ICBufferFull
Event: 10.586 Executing VM operation: ICBufferFull done
Event: 10.592 Executing VM operation: HandshakeAllThreads
Event: 10.592 Executing VM operation: HandshakeAllThreads done
Event: 10.602 Executing VM operation: G1CollectForAllocation

Events (20 events):
Event: 8.962 Thread 0x0000017759889b10 flushing nmethod 0x000001773e941190
Event: 8.962 Thread 0x0000017759889b10 flushing nmethod 0x000001773e990c90
Event: 8.962 Thread 0x0000017759889b10 flushing nmethod 0x000001773e993110
Event: 8.962 Thread 0x0000017759889b10 flushing nmethod 0x000001773e993490
Event: 8.962 Thread 0x0000017759889b10 flushing nmethod 0x000001773e9a1c10
Event: 8.962 Thread 0x0000017759889b10 flushing nmethod 0x000001773e9a2810
Event: 8.962 Thread 0x0000017759889b10 flushing nmethod 0x000001773e9a2b90
Event: 8.963 Thread 0x0000017759889b10 flushing nmethod 0x000001773ea7b590
Event: 8.963 Thread 0x0000017759889b10 flushing nmethod 0x000001773ea7df10
Event: 9.826 loading class jdk/internal/module/IllegalAccessLogger
Event: 9.826 loading class jdk/internal/module/IllegalAccessLogger done
Event: 10.017 Thread 0x000001775bf05c10 Thread exited: 0x000001775bf05c10
Event: 10.591 loading class java/util/concurrent/RunnableFuture
Event: 10.591 loading class java/util/concurrent/RunnableFuture done
Event: 10.591 loading class java/util/concurrent/FutureTask
Event: 10.591 loading class java/util/concurrent/FutureTask done
Event: 10.592 loading class java/util/concurrent/FutureTask$WaitNode
Event: 10.592 loading class java/util/concurrent/FutureTask$WaitNode done
Event: 10.594 Thread 0x000001775b9cc590 Thread added: 0x000001775b9cc590
Event: 10.598 Thread 0x000001775bf02460 Thread added: 0x000001775bf02460


Dynamic libraries:
0x00007ff6dce60000 - 0x00007ff6dce6e000 	C:\Users\hemantb\sts-4.13.0.RELEASE\plugins\org.eclipse.justj.openjdk.hotspot.jre.full.win32.x86_64_17.0.1.v20211116-1657\jre\bin\javaw.exe
0x00007ffcbaeb0000 - 0x00007ffcbb0a5000 	C:\Windows\SYSTEM32\ntdll.dll
0x00007ffcb8f60000 - 0x00007ffcb901e000 	C:\Windows\System32\KERNEL32.DLL
0x00007ffcb85c0000 - 0x00007ffcb8888000 	C:\Windows\System32\KERNELBASE.dll
0x00007ffcb8da0000 - 0x00007ffcb8ea0000 	C:\Windows\System32\ucrtbase.dll
0x00007ffca2600000 - 0x00007ffca2619000 	C:\Users\hemantb\sts-4.13.0.RELEASE\plugins\org.eclipse.justj.openjdk.hotspot.jre.full.win32.x86_64_17.0.1.v20211116-1657\jre\bin\VCRUNTIME140.dll
0x00007ffca4550000 - 0x00007ffca4568000 	C:\Users\hemantb\sts-4.13.0.RELEASE\plugins\org.eclipse.justj.openjdk.hotspot.jre.full.win32.x86_64_17.0.1.v20211116-1657\jre\bin\jli.dll
0x00007ffca5da0000 - 0x00007ffca603a000 	C:\Windows\WinSxS\amd64_microsoft.windows.common-controls_6595b64144ccf1df_6.0.19041.1110_none_60b5254171f9507e\COMCTL32.dll
0x00007ffcbabe0000 - 0x00007ffcbad81000 	C:\Windows\System32\USER32.dll
0x00007ffcb9020000 - 0x00007ffcb90be000 	C:\Windows\System32\msvcrt.dll
0x00007ffcb89a0000 - 0x00007ffcb89c2000 	C:\Windows\System32\win32u.dll
0x00007ffcba490000 - 0x00007ffcba4bb000 	C:\Windows\System32\GDI32.dll
0x00007ffcb8890000 - 0x00007ffcb899d000 	C:\Windows\System32\gdi32full.dll
0x00007ffcb8a80000 - 0x00007ffcb8b1d000 	C:\Windows\System32\msvcp_win.dll
0x00007ffcba2e0000 - 0x00007ffcba310000 	C:\Windows\System32\IMM32.DLL
0x00007ffcb0580000 - 0x00007ffcb058c000 	C:\Users\hemantb\sts-4.13.0.RELEASE\plugins\org.eclipse.justj.openjdk.hotspot.jre.full.win32.x86_64_17.0.1.v20211116-1657\jre\bin\vcruntime140_1.dll
0x00007ffc6d820000 - 0x00007ffc6d8b1000 	C:\Users\hemantb\sts-4.13.0.RELEASE\plugins\org.eclipse.justj.openjdk.hotspot.jre.full.win32.x86_64_17.0.1.v20211116-1657\jre\bin\msvcp140.dll
0x00007ffc59c40000 - 0x00007ffc5a886000 	C:\Users\hemantb\sts-4.13.0.RELEASE\plugins\org.eclipse.justj.openjdk.hotspot.jre.full.win32.x86_64_17.0.1.v20211116-1657\jre\bin\server\jvm.dll
0x00007ffcb9970000 - 0x00007ffcb9a1e000 	C:\Windows\System32\ADVAPI32.dll
0x00007ffcba230000 - 0x00007ffcba2cc000 	C:\Windows\System32\sechost.dll
0x00007ffcb97e0000 - 0x00007ffcb9905000 	C:\Windows\System32\RPCRT4.dll
0x00007ffcb8f50000 - 0x00007ffcb8f58000 	C:\Windows\System32\PSAPI.DLL
0x00007ffca8170000 - 0x00007ffca8197000 	C:\Windows\SYSTEM32\WINMM.dll
0x00007ffca57c0000 - 0x00007ffca57c9000 	C:\Windows\SYSTEM32\WSOCK32.dll
0x00007ffcaff10000 - 0x00007ffcaff1a000 	C:\Windows\SYSTEM32\VERSION.dll
0x00007ffcba370000 - 0x00007ffcba3db000 	C:\Windows\System32\WS2_32.dll
0x00007ffcb6cf0000 - 0x00007ffcb6d02000 	C:\Windows\SYSTEM32\kernel.appcore.dll
0x00007ffcb1850000 - 0x00007ffcb185a000 	C:\Users\hemantb\sts-4.13.0.RELEASE\plugins\org.eclipse.justj.openjdk.hotspot.jre.full.win32.x86_64_17.0.1.v20211116-1657\jre\bin\jimage.dll
0x00007ffcb5a70000 - 0x00007ffcb5c54000 	C:\Windows\SYSTEM32\DBGHELP.DLL
0x00007ffca24a0000 - 0x00007ffca24cc000 	C:\Windows\SYSTEM32\dbgcore.DLL
0x00007ffcb8b20000 - 0x00007ffcb8ba2000 	C:\Windows\System32\bcryptPrimitives.dll
0x00007ffca3090000 - 0x00007ffca30b5000 	C:\Users\hemantb\sts-4.13.0.RELEASE\plugins\org.eclipse.justj.openjdk.hotspot.jre.full.win32.x86_64_17.0.1.v20211116-1657\jre\bin\java.dll
0x00007ffca3820000 - 0x00007ffca3838000 	C:\Users\hemantb\sts-4.13.0.RELEASE\plugins\org.eclipse.justj.openjdk.hotspot.jre.full.win32.x86_64_17.0.1.v20211116-1657\jre\bin\zip.dll
0x00007ffcb9ae0000 - 0x00007ffcba224000 	C:\Windows\System32\SHELL32.dll
0x00007ffcb6520000 - 0x00007ffcb6cb5000 	C:\Windows\SYSTEM32\windows.storage.dll
0x00007ffcba880000 - 0x00007ffcbabd5000 	C:\Windows\System32\combase.dll
0x00007ffcb7f30000 - 0x00007ffcb7f5e000 	C:\Windows\SYSTEM32\Wldp.dll
0x00007ffcb9a20000 - 0x00007ffcb9acd000 	C:\Windows\System32\SHCORE.dll
0x00007ffcba310000 - 0x00007ffcba365000 	C:\Windows\System32\shlwapi.dll
0x00007ffcb8500000 - 0x00007ffcb851f000 	C:\Windows\SYSTEM32\profapi.dll
0x00007ffca3070000 - 0x00007ffca3089000 	C:\Users\hemantb\sts-4.13.0.RELEASE\plugins\org.eclipse.justj.openjdk.hotspot.jre.full.win32.x86_64_17.0.1.v20211116-1657\jre\bin\net.dll
0x00007ffcb75c0000 - 0x00007ffcb76cc000 	C:\Windows\SYSTEM32\WINHTTP.dll
0x00007ffcb7d10000 - 0x00007ffcb7d7a000 	C:\Windows\system32\mswsock.dll
0x00007ffca3050000 - 0x00007ffca3065000 	C:\Users\hemantb\sts-4.13.0.RELEASE\plugins\org.eclipse.justj.openjdk.hotspot.jre.full.win32.x86_64_17.0.1.v20211116-1657\jre\bin\nio.dll
0x00007ffcb1830000 - 0x00007ffcb1840000 	C:\Users\hemantb\sts-4.13.0.RELEASE\plugins\org.eclipse.justj.openjdk.hotspot.jre.full.win32.x86_64_17.0.1.v20211116-1657\jre\bin\verify.dll
0x00007ffcb7f70000 - 0x00007ffcb7f88000 	C:\Windows\SYSTEM32\CRYPTSP.dll
0x00007ffcb7530000 - 0x00007ffcb7564000 	C:\Windows\system32\rsaenh.dll
0x00007ffcb8bb0000 - 0x00007ffcb8bd7000 	C:\Windows\System32\bcrypt.dll
0x00007ffcb8480000 - 0x00007ffcb84ae000 	C:\Windows\SYSTEM32\USERENV.dll
0x00007ffcb7ea0000 - 0x00007ffcb7eac000 	C:\Windows\SYSTEM32\CRYPTBASE.dll
0x00007ffcb79d0000 - 0x00007ffcb7a0b000 	C:\Windows\SYSTEM32\IPHLPAPI.DLL
0x00007ffcba2d0000 - 0x00007ffcba2d8000 	C:\Windows\System32\NSI.dll
0x00007ffcb0500000 - 0x00007ffcb0517000 	C:\Windows\SYSTEM32\dhcpcsvc6.DLL
0x00007ffcb0870000 - 0x00007ffcb088d000 	C:\Windows\SYSTEM32\dhcpcsvc.DLL
0x00007ffcb7a20000 - 0x00007ffcb7aeb000 	C:\Windows\SYSTEM32\DNSAPI.dll
0x00007ffcb1c50000 - 0x00007ffcb1c5a000 	C:\Users\hemantb\AppData\Local\Temp\jansi-1.17.1-7463048171235508502.dll

dbghelp: loaded successfully - version: 4.0.5 - missing functions: none
symbol engine: initialized successfully - sym options: 0x614 - pdb path: .;C:\Users\hemantb\sts-4.13.0.RELEASE\plugins\org.eclipse.justj.openjdk.hotspot.jre.full.win32.x86_64_17.0.1.v20211116-1657\jre\bin;C:\Windows\SYSTEM32;C:\Windows\WinSxS\amd64_microsoft.windows.common-controls_6595b64144ccf1df_6.0.19041.1110_none_60b5254171f9507e;C:\Users\hemantb\sts-4.13.0.RELEASE\plugins\org.eclipse.justj.openjdk.hotspot.jre.full.win32.x86_64_17.0.1.v20211116-1657\jre\bin\server;C:\Users\hemantb\AppData\Local\Temp

VM Arguments:
jvm_args: -Dmaven.home=EMBEDDED -Dclassworlds.conf=C:\Users\hemantb\Pictures\Project\.metadata\.plugins\org.eclipse.m2e.launching\launches\m2conf8590309501481181351.tmp -Dmaven.multiModuleProjectDirectory=C:\Users\hemantb\Pictures\Project\Transaction -Djansi.force=true -Djansi.passthrough=true -Dfile.encoding=Cp1252 -XX:+ShowCodeDetailsInExceptionMessages 
java_command: org.codehaus.plexus.classworlds.launcher.Launcher -B install -Dstyle.color=always
java_class_path (initial): C:\Users\hemantb\sts-4.13.0.RELEASE\plugins\org.eclipse.m2e.maven.runtime_1.18.1.20211011-2139\jars\plexus-classworlds-2.6.0.jar
Launcher Type: SUN_STANDARD

[Global flags]
     intx CICompilerCount                          = 4                                         {product} {ergonomic}
     uint ConcGCThreads                            = 2                                         {product} {ergonomic}
     uint G1ConcRefinementThreads                  = 8                                         {product} {ergonomic}
   size_t G1HeapRegionSize                         = 2097152                                   {product} {ergonomic}
    uintx GCDrainStackTargetSize                   = 64                                        {product} {ergonomic}
   size_t InitialHeapSize                          = 268435456                                 {product} {ergonomic}
   size_t MarkStackSize                            = 4194304                                   {product} {ergonomic}
   size_t MaxHeapSize                              = 4269801472                                {product} {ergonomic}
   size_t MaxNewSize                               = 2560622592                                {product} {ergonomic}
   size_t MinHeapDeltaBytes                        = 2097152                                   {product} {ergonomic}
   size_t MinHeapSize                              = 8388608                                   {product} {ergonomic}
    uintx NonNMethodCodeHeapSize                   = 5839372                                {pd product} {ergonomic}
    uintx NonProfiledCodeHeapSize                  = 122909434                              {pd product} {ergonomic}
    uintx ProfiledCodeHeapSize                     = 122909434                              {pd product} {ergonomic}
    uintx ReservedCodeCacheSize                    = 251658240                              {pd product} {ergonomic}
     bool SegmentedCodeCache                       = true                                      {product} {ergonomic}
     bool ShowCodeDetailsInExceptionMessages       = true                                   {manageable} {command line}
   size_t SoftMaxHeapSize                          = 4269801472                             {manageable} {ergonomic}
     bool UseCompressedClassPointers               = true                           {product lp64_product} {ergonomic}
     bool UseCompressedOops                        = true                           {product lp64_product} {ergonomic}
     bool UseG1GC                                  = true                                      {product} {ergonomic}
     bool UseLargePagesIndividualAllocation        = false                                  {pd product} {ergonomic}

Logging:
Log output configuration:
 #0: stdout all=warning uptime,level,tags
 #1: stderr all=off uptime,level,tags

Environment Variables:
JAVA_HOME=C:\Program Files\Java\jdk-17.0.1
CLASSPATH=.;C:\introcs
PATH=C:/Users/hemantb/sts-4.13.0.RELEASE//plugins/org.eclipse.justj.openjdk.hotspot.jre.full.win32.x86_64_17.0.1.v20211116-1657/jre/bin/server;C:/Users/hemantb/sts-4.13.0.RELEASE//plugins/org.eclipse.justj.openjdk.hotspot.jre.full.win32.x86_64_17.0.1.v20211116-1657/jre/bin;C:\Program Files\Common Files\Oracle\Java\javapath;C:\Program Files (x86)\Intel\iCLS Client\;C:\Program Files\Intel\iCLS Client\;C:\Windows\system32;C:\Windows;C:\Windows\System32\Wbem;C:\Windows\System32\WindowsPowerShell\v1.0\;C:\Windows\System32\OpenSSH\;C:\Program Files\Microsoft SQL Server\Client SDK\ODBC\170\Tools\Binn\;C:\Program Files (x86)\Microsoft SQL Server\150\Tools\Binn\;C:\Program Files\Microsoft SQL Server\150\Tools\Binn\;C:\Program Files\Microsoft SQL Server\150\DTS\Binn\;C:\Program Files (x86)\Microsoft SQL Server\150\DTS\Binn\;C:\Program Files\Azure Data Studio\bin;C:\Program Files\Intel\WiFi\bin\;C:\Program Files\Common Files\Intel\WirelessCommon\;C:\Program Files\Microsoft SQL Server\120\Tools\Binn\;C:\Program Files\Common Files\Autodesk Shared\;C:\Program Files\Common Files\Autodesk Shared\Advance\;C:\Program Files (x86)\Common Files\Autodesk Shared\Advance\;C:\Program Files\NVIDIA Corporation\NVIDIA NvDLISR;C:\Program Files (x86)\Intel\Intel(R) Management Engine Components\DAL;C:\Program Files\Intel\Intel(R) Management Engine Components\DAL;C:\Program Files (x86)\Intel\Intel(R) Management Engine Components\IPT;C:\Program Files\Intel\Intel(R) Management Engine Components\IPT;C:\Program Files\Java\jdk1.8.0_301\bin;C:\Program Files\dotnet\;C:\Program Files\nodejs\;C:\Users\hemantb\Documents\Git\cmd;C:\Users\hemantb\AppData\Local\Microsoft\WindowsApps;C:\Program Files\Azure Data Studio\bin;C:\Users\hemantb\anaconda3\Lib;C:\Users\hemantb\AppData\Local\Programs\Microsoft VS Code\bin;C:\Program Files\Eclipse Foundation\jdk-11.0.12.7-hotspot\bin;C:\Users\hemantb\AppData\Roaming\npm;C:\Program Files\heroku\bin;C:\Users\hemantb\sts-4.13.0.RELEASE;
USERNAME=hemantb
OS=Windows_NT
PROCESSOR_IDENTIFIER=Intel64 Family 6 Model 60 Stepping 3, GenuineIntel



---------------  S Y S T E M  ---------------

OS:
 Windows 10 , 64 bit Build 19041 (10.0.19041.1466)
OS uptime: 2 days 8:02 hours
Hyper-V role detected

CPU: total 8 (initial active 8) (4 cores per cpu, 2 threads per core) family 6 model 60 stepping 3 microcode 0x27, cx8, cmov, fxsr, ht, mmx, sse, sse2, sse3, ssse3, sse4.1, sse4.2, popcnt, lzcnt, tsc, tscinvbit, avx, avx2, aes, erms, clmul, bmi1, bmi2, fma, vzeroupper, clflush, hv

Memory: 4k page, system-wide physical 16287M (2402M free)
TotalPageFile size 26527M (AvailPageFile size 40M)
current process WorkingSet (physical memory assigned to process): 262M, peak: 301M
current process commit charge ("private bytes"): 294M, peak: 421M

vm_info: OpenJDK 64-Bit Server VM (17.0.1+12) for windows-amd64 JRE (17.0.1+12), built on Oct 20 2021 07:42:55 by "" with MS VC++ 16.7 (VS2019)

END.
